<?xml version="1.0" encoding="UTF-8"?>
<!-- Generated by org.testng.reporters.JUnitReportReporter -->
<testsuite hostname="Shrikantk-win8" name="com.tests.AccountDetailsTest" tests="1" failures="0" timestamp="23 Sep 2016 06:51:56 GMT" time="50.093" errors="0">
  <testcase name="VerifyAccountDetailsSaved" time="50.093" classname="com.tests.AccountDetailsTest"/>
</testsuite> <!-- com.tests.AccountDetailsTest -->
