<?xml version="1.0" encoding="UTF-8"?>
<!-- Generated by org.testng.reporters.JUnitReportReporter -->
<testsuite hostname="Shrikantk-win8" name="com.tests.ScreeningTest1" tests="1" failures="0" timestamp="27 Sep 2016 12:23:18 GMT" time="28.913" errors="0">
  <testcase name="VerifyIphoneOrderPrice" time="28.913" classname="com.tests.ScreeningTest1"/>
</testsuite> <!-- com.tests.ScreeningTest1 -->
