<?xml version="1.0" encoding="UTF-8"?>
<!-- Generated by org.testng.reporters.JUnitReportReporter -->
<testsuite hostname="Shrikantk-win8" name="com.tests.VerifyEmptyCartTest" tests="1" failures="0" timestamp="23 Sep 2016 06:51:56 GMT" time="15.839" errors="0">
  <testcase name="VerifyEmptyCartMessage" time="15.839" classname="com.tests.VerifyEmptyCartTest"/>
</testsuite> <!-- com.tests.VerifyEmptyCartTest -->
